17:05:58:203  INFO 95592 --- [main] com.hmall.cart.CartApplication           : Starting CartApplication using Java 18.0.1 on LAPTOP-FL8L2Q0T with PID 95592 (D:\Desktop\hmall\cart-service\target\classes started by 放电的皮卡丘 in D:\Desktop\hmall)
17:05:58:205 DEBUG 95592 --- [main] com.hmall.cart.CartApplication           : Running with Spring Boot v2.7.12, Spring v5.3.27
17:05:58:206  INFO 95592 --- [main] com.hmall.cart.CartApplication           : The following 1 profile is active: "dev"
17:05:59:949  INFO 95592 --- [main] o.s.b.w.embedded.tomcat.TomcatWebServer  : Tomcat initialized with port(s): 8082 (http)
17:05:59:962  INFO 95592 --- [main] o.apache.catalina.core.StandardService   : Starting service [Tomcat]
17:05:59:962  INFO 95592 --- [main] org.apache.catalina.core.StandardEngine  : Starting Servlet engine: [Apache Tomcat/9.0.75]
17:06:00:343  INFO 95592 --- [main] o.a.c.c.C.[Tomcat].[localhost].[/]       : Initializing Spring embedded WebApplicationContext
17:06:00:343  INFO 95592 --- [main] w.s.c.ServletWebServerApplicationContext : Root WebApplicationContext: initialization completed in 2067 ms
17:06:01:238  INFO 95592 --- [main] pertySourcedRequestMappingHandlerMapping : Mapped URL path [/v2/api-docs] onto method [springfox.documentation.swagger2.web.Swagger2ControllerWebMvc#getDocumentation(String, HttpServletRequest)]
17:06:01:342  INFO 95592 --- [main] o.s.b.w.embedded.tomcat.TomcatWebServer  : Tomcat started on port(s): 8082 (http) with context path ''
17:06:01:343  INFO 95592 --- [main] d.s.w.p.DocumentationPluginsBootstrapper : Documentation plugins bootstrapped
17:06:01:346  INFO 95592 --- [main] d.s.w.p.DocumentationPluginsBootstrapper : Found 1 custom documentation plugin(s)
17:06:01:374  INFO 95592 --- [main] s.d.s.w.s.ApiListingReferenceScanner     : Scanning for api listing references
17:06:01:503  INFO 95592 --- [main] com.hmall.cart.CartApplication           : Started CartApplication in 3.791 seconds (JVM running for 5.802)
17:06:50:477  INFO 95592 --- [http-nio-8082-exec-1] o.a.c.c.C.[Tomcat].[localhost].[/]       : Initializing Spring DispatcherServlet 'dispatcherServlet'
17:06:50:477  INFO 95592 --- [http-nio-8082-exec-1] o.s.web.servlet.DispatcherServlet        : Initializing Servlet 'dispatcherServlet'
17:06:50:478  INFO 95592 --- [http-nio-8082-exec-1] o.s.web.servlet.DispatcherServlet        : Completed initialization in 1 ms
17:06:56:262  INFO 95592 --- [http-nio-8082-exec-4] com.zaxxer.hikari.HikariDataSource       : HikariPool-1 - Starting...
17:06:56:820  INFO 95592 --- [http-nio-8082-exec-4] com.zaxxer.hikari.HikariDataSource       : HikariPool-1 - Start completed.
17:06:56:826 DEBUG 95592 --- [http-nio-8082-exec-4] c.h.cart.mapper.CartMapper.selectList    : ==>  Preparing: SELECT id,user_id,item_id,num,name,spec,price,image,create_time,update_time FROM cart WHERE (user_id = ?)
17:06:56:854 DEBUG 95592 --- [http-nio-8082-exec-4] c.h.cart.mapper.CartMapper.selectList    : ==> Parameters: 1(Long)
17:06:56:891 DEBUG 95592 --- [http-nio-8082-exec-4] c.h.cart.mapper.CartMapper.selectList    : <==      Total: 1
17:15:24:670  INFO 95592 --- [SpringApplicationShutdownHook] com.zaxxer.hikari.HikariDataSource       : HikariPool-1 - Shutdown initiated...
17:15:24:744  INFO 95592 --- [SpringApplicationShutdownHook] com.zaxxer.hikari.HikariDataSource       : HikariPool-1 - Shutdown completed.
19:00:43:744  INFO 114864 --- [main] com.hmall.cart.CartApplication           : Starting CartApplication using Java 18.0.1 on LAPTOP-FL8L2Q0T with PID 114864 (D:\Desktop\hmall\cart-service\target\classes started by 放电的皮卡丘 in D:\Desktop\hmall)
19:00:43:748 DEBUG 114864 --- [main] com.hmall.cart.CartApplication           : Running with Spring Boot v2.7.12, Spring v5.3.27
19:00:43:749  INFO 114864 --- [main] com.hmall.cart.CartApplication           : The following 1 profile is active: "local"
19:00:45:377  INFO 114864 --- [main] o.s.cloud.context.scope.GenericScope     : BeanFactory id=3a018cef-17c3-3a35-a008-80f50ed20273
19:00:46:023  INFO 114864 --- [main] o.s.b.w.embedded.tomcat.TomcatWebServer  : Tomcat initialized with port(s): 8082 (http)
19:00:46:040  INFO 114864 --- [main] o.apache.catalina.core.StandardService   : Starting service [Tomcat]
19:00:46:040  INFO 114864 --- [main] org.apache.catalina.core.StandardEngine  : Starting Servlet engine: [Apache Tomcat/9.0.75]
19:00:46:559  INFO 114864 --- [main] o.a.c.c.C.[Tomcat].[localhost].[/]       : Initializing Spring embedded WebApplicationContext
19:00:46:559  INFO 114864 --- [main] w.s.c.ServletWebServerApplicationContext : Root WebApplicationContext: initialization completed in 2745 ms
19:00:48:479  INFO 114864 --- [main] pertySourcedRequestMappingHandlerMapping : Mapped URL path [/v2/api-docs] onto method [springfox.documentation.swagger2.web.Swagger2ControllerWebMvc#getDocumentation(String, HttpServletRequest)]
19:00:49:515  INFO 114864 --- [main] com.alibaba.nacos.common.remote.client   : [RpcClientFactory] create a new rpc client of a8beaec8-23fe-4e24-b8cb-32ffaaca02d9
19:00:49:608  INFO 114864 --- [main] org.reflections.Reflections              : Reflections took 50 ms to scan 1 urls, producing 3 keys and 6 values 
19:00:49:660  INFO 114864 --- [main] org.reflections.Reflections              : Reflections took 27 ms to scan 1 urls, producing 4 keys and 9 values 
19:00:49:683  INFO 114864 --- [main] org.reflections.Reflections              : Reflections took 15 ms to scan 1 urls, producing 3 keys and 10 values 
19:00:49:687  WARN 114864 --- [main] org.reflections.Reflections              : given scan urls are empty. set urls in the configuration
19:00:49:701  INFO 114864 --- [main] org.reflections.Reflections              : Reflections took 14 ms to scan 1 urls, producing 1 keys and 5 values 
19:00:49:719  INFO 114864 --- [main] org.reflections.Reflections              : Reflections took 16 ms to scan 1 urls, producing 1 keys and 7 values 
19:00:49:732  INFO 114864 --- [main] org.reflections.Reflections              : Reflections took 8 ms to scan 1 urls, producing 2 keys and 8 values 
19:00:49:735  WARN 114864 --- [main] org.reflections.Reflections              : given scan urls are empty. set urls in the configuration
19:00:49:737  INFO 114864 --- [main] com.alibaba.nacos.common.remote.client   : [a8beaec8-23fe-4e24-b8cb-32ffaaca02d9] RpcClient init label, labels = {module=naming, source=sdk}
19:00:49:741  INFO 114864 --- [main] com.alibaba.nacos.common.remote.client   : [a8beaec8-23fe-4e24-b8cb-32ffaaca02d9] RpcClient init, ServerListFactory = com.alibaba.nacos.client.naming.core.ServerListManager
19:00:49:741  INFO 114864 --- [main] com.alibaba.nacos.common.remote.client   : [a8beaec8-23fe-4e24-b8cb-32ffaaca02d9] Registry connection listener to current client:com.alibaba.nacos.client.naming.remote.gprc.redo.NamingGrpcRedoService
19:00:49:742  INFO 114864 --- [main] com.alibaba.nacos.common.remote.client   : [a8beaec8-23fe-4e24-b8cb-32ffaaca02d9] Register server push request handler:com.alibaba.nacos.client.naming.remote.gprc.NamingPushRequestHandler
19:00:49:744  INFO 114864 --- [main] com.alibaba.nacos.common.remote.client   : [a8beaec8-23fe-4e24-b8cb-32ffaaca02d9] Try to connect to server on start up, server: {serverIp = 'nacos.lan.luoxianjun.com', server main port = 8848}
19:00:51:940  INFO 114864 --- [main] com.alibaba.nacos.common.remote.client   : [a8beaec8-23fe-4e24-b8cb-32ffaaca02d9] Success to connect to server [nacos.lan.luoxianjun.com:8848] on start up, connectionId = 1718190051655_10.21.232.224_6685
19:00:51:941  INFO 114864 --- [com.alibaba.nacos.client.remote.worker] com.alibaba.nacos.common.remote.client   : [a8beaec8-23fe-4e24-b8cb-32ffaaca02d9] Notify connected event to listeners.
19:00:51:941  INFO 114864 --- [main] com.alibaba.nacos.common.remote.client   : [a8beaec8-23fe-4e24-b8cb-32ffaaca02d9] Register server push request handler:com.alibaba.nacos.common.remote.client.RpcClient$ConnectResetRequestHandler
19:00:51:941  INFO 114864 --- [main] com.alibaba.nacos.common.remote.client   : [a8beaec8-23fe-4e24-b8cb-32ffaaca02d9] Register server push request handler:com.alibaba.nacos.common.remote.client.RpcClient$$Lambda$939/0x00000008012ddfb0
19:00:52:088  INFO 114864 --- [main] o.s.b.w.embedded.tomcat.TomcatWebServer  : Tomcat started on port(s): 8082 (http) with context path ''
19:00:52:143  INFO 114864 --- [main] c.a.c.n.registry.NacosServiceRegistry    : nacos registry, DEFAULT_GROUP cart-service 192.168.107.1:8082 register finished
19:00:52:569  INFO 114864 --- [nacos-grpc-client-executor-9] com.alibaba.nacos.common.remote.client   : [a8beaec8-23fe-4e24-b8cb-32ffaaca02d9] Receive server push request, request = NotifySubscriberRequest, requestId = 1
19:00:52:580  INFO 114864 --- [nacos-grpc-client-executor-9] com.alibaba.nacos.common.remote.client   : [a8beaec8-23fe-4e24-b8cb-32ffaaca02d9] Ack server push request, request = NotifySubscriberRequest, requestId = 1
19:00:53:130  INFO 114864 --- [main] d.s.w.p.DocumentationPluginsBootstrapper : Documentation plugins bootstrapped
19:00:53:134  INFO 114864 --- [main] d.s.w.p.DocumentationPluginsBootstrapper : Found 1 custom documentation plugin(s)
19:00:53:175  INFO 114864 --- [main] s.d.s.w.s.ApiListingReferenceScanner     : Scanning for api listing references
19:00:53:289  INFO 114864 --- [main] com.hmall.cart.CartApplication           : Started CartApplication in 11.13 seconds (JVM running for 13.858)
19:46:40:922  WARN 114864 --- [Thread-7] c.a.n.common.http.HttpClientBeanHolder   : [HttpClientBeanHolder] Start destroying common HttpClient
19:46:40:922  WARN 114864 --- [Thread-4] c.a.nacos.common.notify.NotifyCenter     : [NotifyCenter] Start destroying Publisher
19:46:40:925  WARN 114864 --- [Thread-4] c.a.nacos.common.notify.NotifyCenter     : [NotifyCenter] Destruction of the end
19:46:40:927  WARN 114864 --- [Thread-7] c.a.n.common.http.HttpClientBeanHolder   : [HttpClientBeanHolder] Destruction of the end
19:46:41:057  INFO 114864 --- [SpringApplicationShutdownHook] c.a.c.n.registry.NacosServiceRegistry    : De-registering from Nacos Server now...
19:46:41:086  INFO 114864 --- [SpringApplicationShutdownHook] c.a.c.n.registry.NacosServiceRegistry    : De-registration finished.
19:46:41:414  INFO 114864 --- [SpringApplicationShutdownHook] com.alibaba.nacos.common.remote.client   : Shutdown rpc client, set status to shutdown
19:46:41:414  INFO 114864 --- [SpringApplicationShutdownHook] com.alibaba.nacos.common.remote.client   : Shutdown client event executor java.util.concurrent.ScheduledThreadPoolExecutor@7f7eb893[Running, pool size = 2, active threads = 2, queued tasks = 0, completed tasks = 0]
19:46:41:414  INFO 114864 --- [SpringApplicationShutdownHook] com.alibaba.nacos.common.remote.client   : Close current connection 1718190051655_10.21.232.224_6685
19:46:41:421  INFO 114864 --- [SpringApplicationShutdownHook] c.a.n.c.remote.client.grpc.GrpcClient    : Shutdown grpc executor java.util.concurrent.ThreadPoolExecutor@2a458f37[Running, pool size = 4, active threads = 0, queued tasks = 0, completed tasks = 588]
19:47:03:622  INFO 102972 --- [main] com.hmall.cart.CartApplication           : Starting CartApplication using Java 18.0.1 on LAPTOP-FL8L2Q0T with PID 102972 (D:\Desktop\hmall\cart-service\target\classes started by 放电的皮卡丘 in D:\Desktop\hmall)
19:47:03:625 DEBUG 102972 --- [main] com.hmall.cart.CartApplication           : Running with Spring Boot v2.7.12, Spring v5.3.27
19:47:03:625  INFO 102972 --- [main] com.hmall.cart.CartApplication           : The following 1 profile is active: "local"
19:47:04:687 ERROR 102972 --- [main] o.s.boot.SpringApplication               : Application run failed

java.lang.IllegalStateException: Either 'name' or 'value' must be provided in @FeignClient
	at org.springframework.cloud.openfeign.FeignClientsRegistrar.getClientName(FeignClientsRegistrar.java:406) ~[spring-cloud-openfeign-core-3.1.3.jar:3.1.3]
	at org.springframework.cloud.openfeign.FeignClientsRegistrar.registerFeignClients(FeignClientsRegistrar.java:199) ~[spring-cloud-openfeign-core-3.1.3.jar:3.1.3]
	at org.springframework.cloud.openfeign.FeignClientsRegistrar.registerBeanDefinitions(FeignClientsRegistrar.java:151) ~[spring-cloud-openfeign-core-3.1.3.jar:3.1.3]
	at org.springframework.context.annotation.ImportBeanDefinitionRegistrar.registerBeanDefinitions(ImportBeanDefinitionRegistrar.java:86) ~[spring-context-5.3.27.jar:5.3.27]
	at org.springframework.context.annotation.ConfigurationClassBeanDefinitionReader.lambda$loadBeanDefinitionsFromRegistrars$1(ConfigurationClassBeanDefinitionReader.java:396) ~[spring-context-5.3.27.jar:5.3.27]
	at java.base/java.util.LinkedHashMap.forEach(LinkedHashMap.java:721) ~[na:na]
	at org.springframework.context.annotation.ConfigurationClassBeanDefinitionReader.loadBeanDefinitionsFromRegistrars(ConfigurationClassBeanDefinitionReader.java:395) ~[spring-context-5.3.27.jar:5.3.27]
	at org.springframework.context.annotation.ConfigurationClassBeanDefinitionReader.loadBeanDefinitionsForConfigurationClass(ConfigurationClassBeanDefinitionReader.java:157) ~[spring-context-5.3.27.jar:5.3.27]
	at org.springframework.context.annotation.ConfigurationClassBeanDefinitionReader.loadBeanDefinitions(ConfigurationClassBeanDefinitionReader.java:129) ~[spring-context-5.3.27.jar:5.3.27]
	at org.springframework.context.annotation.ConfigurationClassPostProcessor.processConfigBeanDefinitions(ConfigurationClassPostProcessor.java:343) ~[spring-context-5.3.27.jar:5.3.27]
	at org.springframework.context.annotation.ConfigurationClassPostProcessor.postProcessBeanDefinitionRegistry(ConfigurationClassPostProcessor.java:247) ~[spring-context-5.3.27.jar:5.3.27]
	at org.springframework.context.support.PostProcessorRegistrationDelegate.invokeBeanDefinitionRegistryPostProcessors(PostProcessorRegistrationDelegate.java:311) ~[spring-context-5.3.27.jar:5.3.27]
	at org.springframework.context.support.PostProcessorRegistrationDelegate.invokeBeanFactoryPostProcessors(PostProcessorRegistrationDelegate.java:112) ~[spring-context-5.3.27.jar:5.3.27]
	at org.springframework.context.support.AbstractApplicationContext.invokeBeanFactoryPostProcessors(AbstractApplicationContext.java:748) ~[spring-context-5.3.27.jar:5.3.27]
	at org.springframework.context.support.AbstractApplicationContext.refresh(AbstractApplicationContext.java:564) ~[spring-context-5.3.27.jar:5.3.27]
	at org.springframework.boot.web.servlet.context.ServletWebServerApplicationContext.refresh(ServletWebServerApplicationContext.java:147) ~[spring-boot-2.7.12.jar:2.7.12]
	at org.springframework.boot.SpringApplication.refresh(SpringApplication.java:731) ~[spring-boot-2.7.12.jar:2.7.12]
	at org.springframework.boot.SpringApplication.refreshContext(SpringApplication.java:408) ~[spring-boot-2.7.12.jar:2.7.12]
	at org.springframework.boot.SpringApplication.run(SpringApplication.java:307) ~[spring-boot-2.7.12.jar:2.7.12]
	at org.springframework.boot.SpringApplication.run(SpringApplication.java:1303) ~[spring-boot-2.7.12.jar:2.7.12]
	at org.springframework.boot.SpringApplication.run(SpringApplication.java:1292) ~[spring-boot-2.7.12.jar:2.7.12]
	at com.hmall.cart.CartApplication.main(CartApplication.java:13) ~[classes/:na]

19:49:31:947  INFO 115984 --- [main] com.hmall.cart.CartApplication           : Starting CartApplication using Java 18.0.1 on LAPTOP-FL8L2Q0T with PID 115984 (D:\Desktop\hmall\cart-service\target\classes started by 放电的皮卡丘 in D:\Desktop\hmall)
19:49:31:949 DEBUG 115984 --- [main] com.hmall.cart.CartApplication           : Running with Spring Boot v2.7.12, Spring v5.3.27
19:49:31:950  INFO 115984 --- [main] com.hmall.cart.CartApplication           : The following 1 profile is active: "local"
19:49:32:964 ERROR 115984 --- [main] o.s.boot.SpringApplication               : Application run failed

java.lang.IllegalStateException: Either 'name' or 'value' must be provided in @FeignClient
	at org.springframework.cloud.openfeign.FeignClientsRegistrar.getClientName(FeignClientsRegistrar.java:406) ~[spring-cloud-openfeign-core-3.1.3.jar:3.1.3]
	at org.springframework.cloud.openfeign.FeignClientsRegistrar.registerFeignClients(FeignClientsRegistrar.java:199) ~[spring-cloud-openfeign-core-3.1.3.jar:3.1.3]
	at org.springframework.cloud.openfeign.FeignClientsRegistrar.registerBeanDefinitions(FeignClientsRegistrar.java:151) ~[spring-cloud-openfeign-core-3.1.3.jar:3.1.3]
	at org.springframework.context.annotation.ImportBeanDefinitionRegistrar.registerBeanDefinitions(ImportBeanDefinitionRegistrar.java:86) ~[spring-context-5.3.27.jar:5.3.27]
	at org.springframework.context.annotation.ConfigurationClassBeanDefinitionReader.lambda$loadBeanDefinitionsFromRegistrars$1(ConfigurationClassBeanDefinitionReader.java:396) ~[spring-context-5.3.27.jar:5.3.27]
	at java.base/java.util.LinkedHashMap.forEach(LinkedHashMap.java:721) ~[na:na]
	at org.springframework.context.annotation.ConfigurationClassBeanDefinitionReader.loadBeanDefinitionsFromRegistrars(ConfigurationClassBeanDefinitionReader.java:395) ~[spring-context-5.3.27.jar:5.3.27]
	at org.springframework.context.annotation.ConfigurationClassBeanDefinitionReader.loadBeanDefinitionsForConfigurationClass(ConfigurationClassBeanDefinitionReader.java:157) ~[spring-context-5.3.27.jar:5.3.27]
	at org.springframework.context.annotation.ConfigurationClassBeanDefinitionReader.loadBeanDefinitions(ConfigurationClassBeanDefinitionReader.java:129) ~[spring-context-5.3.27.jar:5.3.27]
	at org.springframework.context.annotation.ConfigurationClassPostProcessor.processConfigBeanDefinitions(ConfigurationClassPostProcessor.java:343) ~[spring-context-5.3.27.jar:5.3.27]
	at org.springframework.context.annotation.ConfigurationClassPostProcessor.postProcessBeanDefinitionRegistry(ConfigurationClassPostProcessor.java:247) ~[spring-context-5.3.27.jar:5.3.27]
	at org.springframework.context.support.PostProcessorRegistrationDelegate.invokeBeanDefinitionRegistryPostProcessors(PostProcessorRegistrationDelegate.java:311) ~[spring-context-5.3.27.jar:5.3.27]
	at org.springframework.context.support.PostProcessorRegistrationDelegate.invokeBeanFactoryPostProcessors(PostProcessorRegistrationDelegate.java:112) ~[spring-context-5.3.27.jar:5.3.27]
	at org.springframework.context.support.AbstractApplicationContext.invokeBeanFactoryPostProcessors(AbstractApplicationContext.java:748) ~[spring-context-5.3.27.jar:5.3.27]
	at org.springframework.context.support.AbstractApplicationContext.refresh(AbstractApplicationContext.java:564) ~[spring-context-5.3.27.jar:5.3.27]
	at org.springframework.boot.web.servlet.context.ServletWebServerApplicationContext.refresh(ServletWebServerApplicationContext.java:147) ~[spring-boot-2.7.12.jar:2.7.12]
	at org.springframework.boot.SpringApplication.refresh(SpringApplication.java:731) ~[spring-boot-2.7.12.jar:2.7.12]
	at org.springframework.boot.SpringApplication.refreshContext(SpringApplication.java:408) ~[spring-boot-2.7.12.jar:2.7.12]
	at org.springframework.boot.SpringApplication.run(SpringApplication.java:307) ~[spring-boot-2.7.12.jar:2.7.12]
	at org.springframework.boot.SpringApplication.run(SpringApplication.java:1303) ~[spring-boot-2.7.12.jar:2.7.12]
	at org.springframework.boot.SpringApplication.run(SpringApplication.java:1292) ~[spring-boot-2.7.12.jar:2.7.12]
	at com.hmall.cart.CartApplication.main(CartApplication.java:14) ~[classes/:na]

19:51:27:080  INFO 95012 --- [main] com.hmall.cart.CartApplication           : Starting CartApplication using Java 18.0.1 on LAPTOP-FL8L2Q0T with PID 95012 (D:\Desktop\hmall\cart-service\target\classes started by 放电的皮卡丘 in D:\Desktop\hmall)
19:51:27:084 DEBUG 95012 --- [main] com.hmall.cart.CartApplication           : Running with Spring Boot v2.7.12, Spring v5.3.27
19:51:27:085  INFO 95012 --- [main] com.hmall.cart.CartApplication           : The following 1 profile is active: "local"
19:51:28:524 ERROR 95012 --- [main] o.s.boot.SpringApplication               : Application run failed

java.lang.IllegalStateException: Either 'name' or 'value' must be provided in @FeignClient
	at org.springframework.cloud.openfeign.FeignClientsRegistrar.getClientName(FeignClientsRegistrar.java:406) ~[spring-cloud-openfeign-core-3.1.3.jar:3.1.3]
	at org.springframework.cloud.openfeign.FeignClientsRegistrar.registerFeignClients(FeignClientsRegistrar.java:199) ~[spring-cloud-openfeign-core-3.1.3.jar:3.1.3]
	at org.springframework.cloud.openfeign.FeignClientsRegistrar.registerBeanDefinitions(FeignClientsRegistrar.java:151) ~[spring-cloud-openfeign-core-3.1.3.jar:3.1.3]
	at org.springframework.context.annotation.ImportBeanDefinitionRegistrar.registerBeanDefinitions(ImportBeanDefinitionRegistrar.java:86) ~[spring-context-5.3.27.jar:5.3.27]
	at org.springframework.context.annotation.ConfigurationClassBeanDefinitionReader.lambda$loadBeanDefinitionsFromRegistrars$1(ConfigurationClassBeanDefinitionReader.java:396) ~[spring-context-5.3.27.jar:5.3.27]
	at java.base/java.util.LinkedHashMap.forEach(LinkedHashMap.java:721) ~[na:na]
	at org.springframework.context.annotation.ConfigurationClassBeanDefinitionReader.loadBeanDefinitionsFromRegistrars(ConfigurationClassBeanDefinitionReader.java:395) ~[spring-context-5.3.27.jar:5.3.27]
	at org.springframework.context.annotation.ConfigurationClassBeanDefinitionReader.loadBeanDefinitionsForConfigurationClass(ConfigurationClassBeanDefinitionReader.java:157) ~[spring-context-5.3.27.jar:5.3.27]
	at org.springframework.context.annotation.ConfigurationClassBeanDefinitionReader.loadBeanDefinitions(ConfigurationClassBeanDefinitionReader.java:129) ~[spring-context-5.3.27.jar:5.3.27]
	at org.springframework.context.annotation.ConfigurationClassPostProcessor.processConfigBeanDefinitions(ConfigurationClassPostProcessor.java:343) ~[spring-context-5.3.27.jar:5.3.27]
	at org.springframework.context.annotation.ConfigurationClassPostProcessor.postProcessBeanDefinitionRegistry(ConfigurationClassPostProcessor.java:247) ~[spring-context-5.3.27.jar:5.3.27]
	at org.springframework.context.support.PostProcessorRegistrationDelegate.invokeBeanDefinitionRegistryPostProcessors(PostProcessorRegistrationDelegate.java:311) ~[spring-context-5.3.27.jar:5.3.27]
	at org.springframework.context.support.PostProcessorRegistrationDelegate.invokeBeanFactoryPostProcessors(PostProcessorRegistrationDelegate.java:112) ~[spring-context-5.3.27.jar:5.3.27]
	at org.springframework.context.support.AbstractApplicationContext.invokeBeanFactoryPostProcessors(AbstractApplicationContext.java:748) ~[spring-context-5.3.27.jar:5.3.27]
	at org.springframework.context.support.AbstractApplicationContext.refresh(AbstractApplicationContext.java:564) ~[spring-context-5.3.27.jar:5.3.27]
	at org.springframework.boot.web.servlet.context.ServletWebServerApplicationContext.refresh(ServletWebServerApplicationContext.java:147) ~[spring-boot-2.7.12.jar:2.7.12]
	at org.springframework.boot.SpringApplication.refresh(SpringApplication.java:731) ~[spring-boot-2.7.12.jar:2.7.12]
	at org.springframework.boot.SpringApplication.refreshContext(SpringApplication.java:408) ~[spring-boot-2.7.12.jar:2.7.12]
	at org.springframework.boot.SpringApplication.run(SpringApplication.java:307) ~[spring-boot-2.7.12.jar:2.7.12]
	at org.springframework.boot.SpringApplication.run(SpringApplication.java:1303) ~[spring-boot-2.7.12.jar:2.7.12]
	at org.springframework.boot.SpringApplication.run(SpringApplication.java:1292) ~[spring-boot-2.7.12.jar:2.7.12]
	at com.hmall.cart.CartApplication.main(CartApplication.java:14) ~[classes/:na]

19:52:14:375  INFO 114856 --- [main] com.hmall.cart.CartApplication           : Starting CartApplication using Java 18.0.1 on LAPTOP-FL8L2Q0T with PID 114856 (D:\Desktop\hmall\cart-service\target\classes started by 放电的皮卡丘 in D:\Desktop\hmall)
19:52:14:377 DEBUG 114856 --- [main] com.hmall.cart.CartApplication           : Running with Spring Boot v2.7.12, Spring v5.3.27
19:52:14:377  INFO 114856 --- [main] com.hmall.cart.CartApplication           : The following 1 profile is active: "local"
19:52:15:490  INFO 114856 --- [main] o.s.cloud.context.scope.GenericScope     : BeanFactory id=00e17749-7d25-3fd3-9db9-ba7609fd66d1
19:52:15:995  INFO 114856 --- [main] o.s.b.w.embedded.tomcat.TomcatWebServer  : Tomcat initialized with port(s): 8082 (http)
19:52:16:003  INFO 114856 --- [main] o.apache.catalina.core.StandardService   : Starting service [Tomcat]
19:52:16:003  INFO 114856 --- [main] org.apache.catalina.core.StandardEngine  : Starting Servlet engine: [Apache Tomcat/9.0.75]
19:52:16:344  INFO 114856 --- [main] o.a.c.c.C.[Tomcat].[localhost].[/]       : Initializing Spring embedded WebApplicationContext
19:52:16:345  INFO 114856 --- [main] w.s.c.ServletWebServerApplicationContext : Root WebApplicationContext: initialization completed in 1912 ms
19:52:16:520  INFO 114856 --- [main] o.s.c.openfeign.FeignClientFactoryBean   : For 'item-service' URL not provided. Will try picking an instance via load-balancing.
19:52:17:825  INFO 114856 --- [main] pertySourcedRequestMappingHandlerMapping : Mapped URL path [/v2/api-docs] onto method [springfox.documentation.swagger2.web.Swagger2ControllerWebMvc#getDocumentation(String, HttpServletRequest)]
19:52:18:600  INFO 114856 --- [main] com.alibaba.nacos.common.remote.client   : [RpcClientFactory] create a new rpc client of 86e3355f-eb0c-4072-9d1b-63e814b2717f
19:52:18:651  INFO 114856 --- [main] org.reflections.Reflections              : Reflections took 26 ms to scan 1 urls, producing 3 keys and 6 values 
19:52:18:678  INFO 114856 --- [main] org.reflections.Reflections              : Reflections took 15 ms to scan 1 urls, producing 4 keys and 9 values 
19:52:18:688  INFO 114856 --- [main] org.reflections.Reflections              : Reflections took 7 ms to scan 1 urls, producing 3 keys and 10 values 
19:52:18:690  WARN 114856 --- [main] org.reflections.Reflections              : given scan urls are empty. set urls in the configuration
19:52:18:697  INFO 114856 --- [main] org.reflections.Reflections              : Reflections took 6 ms to scan 1 urls, producing 1 keys and 5 values 
19:52:18:705  INFO 114856 --- [main] org.reflections.Reflections              : Reflections took 7 ms to scan 1 urls, producing 1 keys and 7 values 
19:52:18:715  INFO 114856 --- [main] org.reflections.Reflections              : Reflections took 8 ms to scan 1 urls, producing 2 keys and 8 values 
19:52:18:716  WARN 114856 --- [main] org.reflections.Reflections              : given scan urls are empty. set urls in the configuration
19:52:18:717  INFO 114856 --- [main] com.alibaba.nacos.common.remote.client   : [86e3355f-eb0c-4072-9d1b-63e814b2717f] RpcClient init label, labels = {module=naming, source=sdk}
19:52:18:718  INFO 114856 --- [main] com.alibaba.nacos.common.remote.client   : [86e3355f-eb0c-4072-9d1b-63e814b2717f] RpcClient init, ServerListFactory = com.alibaba.nacos.client.naming.core.ServerListManager
19:52:18:718  INFO 114856 --- [main] com.alibaba.nacos.common.remote.client   : [86e3355f-eb0c-4072-9d1b-63e814b2717f] Registry connection listener to current client:com.alibaba.nacos.client.naming.remote.gprc.redo.NamingGrpcRedoService
19:52:18:719  INFO 114856 --- [main] com.alibaba.nacos.common.remote.client   : [86e3355f-eb0c-4072-9d1b-63e814b2717f] Register server push request handler:com.alibaba.nacos.client.naming.remote.gprc.NamingPushRequestHandler
19:52:18:723  INFO 114856 --- [main] com.alibaba.nacos.common.remote.client   : [86e3355f-eb0c-4072-9d1b-63e814b2717f] Try to connect to server on start up, server: {serverIp = 'nacos.lan.luoxianjun.com', server main port = 8848}
19:52:20:057  INFO 114856 --- [main] com.alibaba.nacos.common.remote.client   : [86e3355f-eb0c-4072-9d1b-63e814b2717f] Success to connect to server [nacos.lan.luoxianjun.com:8848] on start up, connectionId = 1718193139898_10.21.232.224_14846
19:52:20:057  INFO 114856 --- [com.alibaba.nacos.client.remote.worker] com.alibaba.nacos.common.remote.client   : [86e3355f-eb0c-4072-9d1b-63e814b2717f] Notify connected event to listeners.
19:52:20:057  INFO 114856 --- [main] com.alibaba.nacos.common.remote.client   : [86e3355f-eb0c-4072-9d1b-63e814b2717f] Register server push request handler:com.alibaba.nacos.common.remote.client.RpcClient$ConnectResetRequestHandler
19:52:20:058  INFO 114856 --- [main] com.alibaba.nacos.common.remote.client   : [86e3355f-eb0c-4072-9d1b-63e814b2717f] Register server push request handler:com.alibaba.nacos.common.remote.client.RpcClient$$Lambda$1014/0x0000000801361828
19:52:20:121  INFO 114856 --- [main] o.s.b.w.embedded.tomcat.TomcatWebServer  : Tomcat started on port(s): 8082 (http) with context path ''
19:52:20:136  INFO 114856 --- [main] c.a.c.n.registry.NacosServiceRegistry    : nacos registry, DEFAULT_GROUP cart-service 192.168.107.1:8082 register finished
19:52:20:669  INFO 114856 --- [nacos-grpc-client-executor-8] com.alibaba.nacos.common.remote.client   : [86e3355f-eb0c-4072-9d1b-63e814b2717f] Receive server push request, request = NotifySubscriberRequest, requestId = 11
19:52:20:674  INFO 114856 --- [nacos-grpc-client-executor-8] com.alibaba.nacos.common.remote.client   : [86e3355f-eb0c-4072-9d1b-63e814b2717f] Ack server push request, request = NotifySubscriberRequest, requestId = 11
19:52:20:722  INFO 114856 --- [main] d.s.w.p.DocumentationPluginsBootstrapper : Documentation plugins bootstrapped
19:52:20:724  INFO 114856 --- [main] d.s.w.p.DocumentationPluginsBootstrapper : Found 1 custom documentation plugin(s)
19:52:20:748  INFO 114856 --- [main] s.d.s.w.s.ApiListingReferenceScanner     : Scanning for api listing references
19:52:20:832  INFO 114856 --- [main] com.hmall.cart.CartApplication           : Started CartApplication in 7.64 seconds (JVM running for 9.069)
19:53:27:750  INFO 114856 --- [http-nio-8082-exec-1] o.a.c.c.C.[Tomcat].[localhost].[/]       : Initializing Spring DispatcherServlet 'dispatcherServlet'
19:53:27:750  INFO 114856 --- [http-nio-8082-exec-1] o.s.web.servlet.DispatcherServlet        : Initializing Servlet 'dispatcherServlet'
19:53:27:752  INFO 114856 --- [http-nio-8082-exec-1] o.s.web.servlet.DispatcherServlet        : Completed initialization in 2 ms
19:53:38:964  INFO 114856 --- [http-nio-8082-exec-5] com.zaxxer.hikari.HikariDataSource       : HikariPool-1 - Starting...
19:53:40:072  INFO 114856 --- [http-nio-8082-exec-5] com.zaxxer.hikari.HikariDataSource       : HikariPool-1 - Start completed.
19:53:40:083 DEBUG 114856 --- [http-nio-8082-exec-5] c.h.cart.mapper.CartMapper.selectList    : ==>  Preparing: SELECT id,user_id,item_id,num,name,spec,price,image,create_time,update_time FROM cart WHERE (user_id = ?)
19:53:40:113 DEBUG 114856 --- [http-nio-8082-exec-5] c.h.cart.mapper.CartMapper.selectList    : ==> Parameters: 1(Long)
19:53:40:157 DEBUG 114856 --- [http-nio-8082-exec-5] c.h.cart.mapper.CartMapper.selectList    : <==      Total: 1
19:53:40:992  INFO 114856 --- [nacos-grpc-client-executor-30] com.alibaba.nacos.common.remote.client   : [86e3355f-eb0c-4072-9d1b-63e814b2717f] Receive server push request, request = NotifySubscriberRequest, requestId = 12
19:53:40:993  INFO 114856 --- [nacos-grpc-client-executor-30] com.alibaba.nacos.common.remote.client   : [86e3355f-eb0c-4072-9d1b-63e814b2717f] Ack server push request, request = NotifySubscriberRequest, requestId = 12
19:53:44:822 DEBUG 114856 --- [http-nio-8082-exec-7] c.h.cart.mapper.CartMapper.selectList    : ==>  Preparing: SELECT id,user_id,item_id,num,name,spec,price,image,create_time,update_time FROM cart WHERE (user_id = ?)
19:53:44:823 DEBUG 114856 --- [http-nio-8082-exec-7] c.h.cart.mapper.CartMapper.selectList    : ==> Parameters: 1(Long)
19:53:44:835 DEBUG 114856 --- [http-nio-8082-exec-7] c.h.cart.mapper.CartMapper.selectList    : <==      Total: 1
19:53:46:579 DEBUG 114856 --- [http-nio-8082-exec-6] c.h.cart.mapper.CartMapper.selectList    : ==>  Preparing: SELECT id,user_id,item_id,num,name,spec,price,image,create_time,update_time FROM cart WHERE (user_id = ?)
19:53:46:579 DEBUG 114856 --- [http-nio-8082-exec-6] c.h.cart.mapper.CartMapper.selectList    : ==> Parameters: 1(Long)
19:53:46:593 DEBUG 114856 --- [http-nio-8082-exec-6] c.h.cart.mapper.CartMapper.selectList    : <==      Total: 1
19:53:51:285 DEBUG 114856 --- [http-nio-8082-exec-8] c.h.cart.mapper.CartMapper.selectList    : ==>  Preparing: SELECT id,user_id,item_id,num,name,spec,price,image,create_time,update_time FROM cart WHERE (user_id = ?)
19:53:51:285 DEBUG 114856 --- [http-nio-8082-exec-8] c.h.cart.mapper.CartMapper.selectList    : ==> Parameters: 1(Long)
19:53:51:298 DEBUG 114856 --- [http-nio-8082-exec-8] c.h.cart.mapper.CartMapper.selectList    : <==      Total: 1
19:53:52:904 DEBUG 114856 --- [http-nio-8082-exec-9] c.h.cart.mapper.CartMapper.selectList    : ==>  Preparing: SELECT id,user_id,item_id,num,name,spec,price,image,create_time,update_time FROM cart WHERE (user_id = ?)
19:53:52:906 DEBUG 114856 --- [http-nio-8082-exec-9] c.h.cart.mapper.CartMapper.selectList    : ==> Parameters: 1(Long)
19:53:52:918 DEBUG 114856 --- [http-nio-8082-exec-9] c.h.cart.mapper.CartMapper.selectList    : <==      Total: 1
19:53:54:174 DEBUG 114856 --- [http-nio-8082-exec-10] c.h.cart.mapper.CartMapper.selectList    : ==>  Preparing: SELECT id,user_id,item_id,num,name,spec,price,image,create_time,update_time FROM cart WHERE (user_id = ?)
19:53:54:174 DEBUG 114856 --- [http-nio-8082-exec-10] c.h.cart.mapper.CartMapper.selectList    : ==> Parameters: 1(Long)
19:53:54:190 DEBUG 114856 --- [http-nio-8082-exec-10] c.h.cart.mapper.CartMapper.selectList    : <==      Total: 1
19:53:55:511 DEBUG 114856 --- [http-nio-8082-exec-3] c.h.cart.mapper.CartMapper.selectList    : ==>  Preparing: SELECT id,user_id,item_id,num,name,spec,price,image,create_time,update_time FROM cart WHERE (user_id = ?)
19:53:55:511 DEBUG 114856 --- [http-nio-8082-exec-3] c.h.cart.mapper.CartMapper.selectList    : ==> Parameters: 1(Long)
19:53:55:517 DEBUG 114856 --- [http-nio-8082-exec-3] c.h.cart.mapper.CartMapper.selectList    : <==      Total: 1
19:53:56:656 DEBUG 114856 --- [http-nio-8082-exec-4] c.h.cart.mapper.CartMapper.selectList    : ==>  Preparing: SELECT id,user_id,item_id,num,name,spec,price,image,create_time,update_time FROM cart WHERE (user_id = ?)
19:53:56:656 DEBUG 114856 --- [http-nio-8082-exec-4] c.h.cart.mapper.CartMapper.selectList    : ==> Parameters: 1(Long)
19:53:56:666 DEBUG 114856 --- [http-nio-8082-exec-4] c.h.cart.mapper.CartMapper.selectList    : <==      Total: 1
20:06:48:974  WARN 114856 --- [Thread-4] c.a.nacos.common.notify.NotifyCenter     : [NotifyCenter] Start destroying Publisher
20:06:48:975  WARN 114856 --- [Thread-7] c.a.n.common.http.HttpClientBeanHolder   : [HttpClientBeanHolder] Start destroying common HttpClient
20:06:48:975  WARN 114856 --- [Thread-4] c.a.nacos.common.notify.NotifyCenter     : [NotifyCenter] Destruction of the end
20:06:48:976  WARN 114856 --- [Thread-7] c.a.n.common.http.HttpClientBeanHolder   : [HttpClientBeanHolder] Destruction of the end
20:06:49:028  INFO 114856 --- [SpringApplicationShutdownHook] c.a.c.n.registry.NacosServiceRegistry    : De-registering from Nacos Server now...
20:06:49:092  INFO 114856 --- [SpringApplicationShutdownHook] c.a.c.n.registry.NacosServiceRegistry    : De-registration finished.
20:06:49:430  INFO 114856 --- [SpringApplicationShutdownHook] com.alibaba.nacos.common.remote.client   : Shutdown rpc client, set status to shutdown
20:06:49:430  INFO 114856 --- [SpringApplicationShutdownHook] com.alibaba.nacos.common.remote.client   : Shutdown client event executor java.util.concurrent.ScheduledThreadPoolExecutor@5473cf58[Running, pool size = 2, active threads = 2, queued tasks = 0, completed tasks = 0]
20:06:49:430  INFO 114856 --- [SpringApplicationShutdownHook] com.alibaba.nacos.common.remote.client   : Close current connection 1718193139898_10.21.232.224_14846
20:06:49:436  INFO 114856 --- [SpringApplicationShutdownHook] c.a.n.c.remote.client.grpc.GrpcClient    : Shutdown grpc executor java.util.concurrent.ThreadPoolExecutor@465adea5[Running, pool size = 4, active threads = 0, queued tasks = 0, completed tasks = 200]
20:06:49:440  INFO 114856 --- [SpringApplicationShutdownHook] com.zaxxer.hikari.HikariDataSource       : HikariPool-1 - Shutdown initiated...
20:06:49:588  INFO 114856 --- [SpringApplicationShutdownHook] com.zaxxer.hikari.HikariDataSource       : HikariPool-1 - Shutdown completed.
20:07:06:016  INFO 118224 --- [main] com.hmall.cart.CartApplication           : Starting CartApplication using Java 18.0.1 on LAPTOP-FL8L2Q0T with PID 118224 (D:\Desktop\hmall\cart-service\target\classes started by 放电的皮卡丘 in D:\Desktop\hmall)
20:07:06:019 DEBUG 118224 --- [main] com.hmall.cart.CartApplication           : Running with Spring Boot v2.7.12, Spring v5.3.27
20:07:06:019  INFO 118224 --- [main] com.hmall.cart.CartApplication           : The following 1 profile is active: "local"
20:07:07:209  INFO 118224 --- [main] o.s.cloud.context.scope.GenericScope     : BeanFactory id=767eafc1-67dd-3375-9fcb-8a99abb11f00
20:07:07:682  INFO 118224 --- [main] o.s.b.w.embedded.tomcat.TomcatWebServer  : Tomcat initialized with port(s): 8082 (http)
20:07:07:690  INFO 118224 --- [main] o.apache.catalina.core.StandardService   : Starting service [Tomcat]
20:07:07:691  INFO 118224 --- [main] org.apache.catalina.core.StandardEngine  : Starting Servlet engine: [Apache Tomcat/9.0.75]
20:07:08:061  INFO 118224 --- [main] o.a.c.c.C.[Tomcat].[localhost].[/]       : Initializing Spring embedded WebApplicationContext
20:07:08:061  INFO 118224 --- [main] w.s.c.ServletWebServerApplicationContext : Root WebApplicationContext: initialization completed in 1989 ms
20:07:08:234  INFO 118224 --- [main] o.s.c.openfeign.FeignClientFactoryBean   : For 'item-service' URL not provided. Will try picking an instance via load-balancing.
20:07:09:782  INFO 118224 --- [main] pertySourcedRequestMappingHandlerMapping : Mapped URL path [/v2/api-docs] onto method [springfox.documentation.swagger2.web.Swagger2ControllerWebMvc#getDocumentation(String, HttpServletRequest)]
20:07:10:612  INFO 118224 --- [main] com.alibaba.nacos.common.remote.client   : [RpcClientFactory] create a new rpc client of 6b68f738-7fcf-4ce8-9a54-ce3b5031ba4a
20:07:10:662  INFO 118224 --- [main] org.reflections.Reflections              : Reflections took 25 ms to scan 1 urls, producing 3 keys and 6 values 
20:07:10:688  INFO 118224 --- [main] org.reflections.Reflections              : Reflections took 15 ms to scan 1 urls, producing 4 keys and 9 values 
20:07:10:697  INFO 118224 --- [main] org.reflections.Reflections              : Reflections took 6 ms to scan 1 urls, producing 3 keys and 10 values 
20:07:10:698  WARN 118224 --- [main] org.reflections.Reflections              : given scan urls are empty. set urls in the configuration
20:07:10:705  INFO 118224 --- [main] org.reflections.Reflections              : Reflections took 7 ms to scan 1 urls, producing 1 keys and 5 values 
20:07:10:713  INFO 118224 --- [main] org.reflections.Reflections              : Reflections took 7 ms to scan 1 urls, producing 1 keys and 7 values 
20:07:10:725  INFO 118224 --- [main] org.reflections.Reflections              : Reflections took 10 ms to scan 1 urls, producing 2 keys and 8 values 
20:07:10:726  WARN 118224 --- [main] org.reflections.Reflections              : given scan urls are empty. set urls in the configuration
20:07:10:727  INFO 118224 --- [main] com.alibaba.nacos.common.remote.client   : [6b68f738-7fcf-4ce8-9a54-ce3b5031ba4a] RpcClient init label, labels = {module=naming, source=sdk}
20:07:10:728  INFO 118224 --- [main] com.alibaba.nacos.common.remote.client   : [6b68f738-7fcf-4ce8-9a54-ce3b5031ba4a] RpcClient init, ServerListFactory = com.alibaba.nacos.client.naming.core.ServerListManager
20:07:10:728  INFO 118224 --- [main] com.alibaba.nacos.common.remote.client   : [6b68f738-7fcf-4ce8-9a54-ce3b5031ba4a] Registry connection listener to current client:com.alibaba.nacos.client.naming.remote.gprc.redo.NamingGrpcRedoService
20:07:10:729  INFO 118224 --- [main] com.alibaba.nacos.common.remote.client   : [6b68f738-7fcf-4ce8-9a54-ce3b5031ba4a] Register server push request handler:com.alibaba.nacos.client.naming.remote.gprc.NamingPushRequestHandler
20:07:10:735  INFO 118224 --- [main] com.alibaba.nacos.common.remote.client   : [6b68f738-7fcf-4ce8-9a54-ce3b5031ba4a] Try to connect to server on start up, server: {serverIp = 'nacos.lan.luoxianjun.com', server main port = 8848}
20:07:12:251  INFO 118224 --- [main] com.alibaba.nacos.common.remote.client   : [6b68f738-7fcf-4ce8-9a54-ce3b5031ba4a] Success to connect to server [nacos.lan.luoxianjun.com:8848] on start up, connectionId = 1718194032052_10.21.232.224_2781
20:07:12:251  INFO 118224 --- [com.alibaba.nacos.client.remote.worker] com.alibaba.nacos.common.remote.client   : [6b68f738-7fcf-4ce8-9a54-ce3b5031ba4a] Notify connected event to listeners.
20:07:12:252  INFO 118224 --- [main] com.alibaba.nacos.common.remote.client   : [6b68f738-7fcf-4ce8-9a54-ce3b5031ba4a] Register server push request handler:com.alibaba.nacos.common.remote.client.RpcClient$ConnectResetRequestHandler
20:07:12:252  INFO 118224 --- [main] com.alibaba.nacos.common.remote.client   : [6b68f738-7fcf-4ce8-9a54-ce3b5031ba4a] Register server push request handler:com.alibaba.nacos.common.remote.client.RpcClient$$Lambda$1018/0x00000008013cd0a8
20:07:12:315  INFO 118224 --- [main] o.s.b.w.embedded.tomcat.TomcatWebServer  : Tomcat started on port(s): 8082 (http) with context path ''
20:07:12:349  INFO 118224 --- [main] c.a.c.n.registry.NacosServiceRegistry    : nacos registry, DEFAULT_GROUP cart-service 192.168.107.1:8082 register finished
20:07:12:818  INFO 118224 --- [nacos-grpc-client-executor-9] com.alibaba.nacos.common.remote.client   : [6b68f738-7fcf-4ce8-9a54-ce3b5031ba4a] Receive server push request, request = NotifySubscriberRequest, requestId = 13
20:07:12:823  INFO 118224 --- [nacos-grpc-client-executor-9] com.alibaba.nacos.common.remote.client   : [6b68f738-7fcf-4ce8-9a54-ce3b5031ba4a] Ack server push request, request = NotifySubscriberRequest, requestId = 13
20:07:12:980  INFO 118224 --- [main] d.s.w.p.DocumentationPluginsBootstrapper : Documentation plugins bootstrapped
20:07:12:983  INFO 118224 --- [main] d.s.w.p.DocumentationPluginsBootstrapper : Found 1 custom documentation plugin(s)
20:07:13:006  INFO 118224 --- [main] s.d.s.w.s.ApiListingReferenceScanner     : Scanning for api listing references
20:07:13:110  INFO 118224 --- [main] com.hmall.cart.CartApplication           : Started CartApplication in 8.415 seconds (JVM running for 10.511)
20:08:25:607  INFO 118224 --- [http-nio-8082-exec-1] o.a.c.c.C.[Tomcat].[localhost].[/]       : Initializing Spring DispatcherServlet 'dispatcherServlet'
20:08:25:607  INFO 118224 --- [http-nio-8082-exec-1] o.s.web.servlet.DispatcherServlet        : Initializing Servlet 'dispatcherServlet'
20:08:25:609  INFO 118224 --- [http-nio-8082-exec-1] o.s.web.servlet.DispatcherServlet        : Completed initialization in 2 ms
20:08:25:792  INFO 118224 --- [http-nio-8082-exec-1] com.zaxxer.hikari.HikariDataSource       : HikariPool-1 - Starting...
20:08:26:211  INFO 118224 --- [http-nio-8082-exec-1] com.zaxxer.hikari.HikariDataSource       : HikariPool-1 - Start completed.
20:08:26:217 DEBUG 118224 --- [http-nio-8082-exec-1] c.h.cart.mapper.CartMapper.selectList    : ==>  Preparing: SELECT id,user_id,item_id,num,name,spec,price,image,create_time,update_time FROM cart WHERE (user_id = ?)
20:08:26:242 DEBUG 118224 --- [http-nio-8082-exec-1] c.h.cart.mapper.CartMapper.selectList    : ==> Parameters: 1(Long)
20:08:26:274 DEBUG 118224 --- [http-nio-8082-exec-1] c.h.cart.mapper.CartMapper.selectList    : <==      Total: 1
20:08:27:011  INFO 118224 --- [nacos-grpc-client-executor-26] com.alibaba.nacos.common.remote.client   : [6b68f738-7fcf-4ce8-9a54-ce3b5031ba4a] Receive server push request, request = NotifySubscriberRequest, requestId = 14
20:08:27:011  INFO 118224 --- [nacos-grpc-client-executor-26] com.alibaba.nacos.common.remote.client   : [6b68f738-7fcf-4ce8-9a54-ce3b5031ba4a] Ack server push request, request = NotifySubscriberRequest, requestId = 14
20:08:27:461 DEBUG 118224 --- [http-nio-8082-exec-2] c.h.cart.mapper.CartMapper.selectList    : ==>  Preparing: SELECT id,user_id,item_id,num,name,spec,price,image,create_time,update_time FROM cart WHERE (user_id = ?)
20:08:27:461 DEBUG 118224 --- [http-nio-8082-exec-2] c.h.cart.mapper.CartMapper.selectList    : ==> Parameters: 1(Long)
20:08:27:478 DEBUG 118224 --- [http-nio-8082-exec-2] c.h.cart.mapper.CartMapper.selectList    : <==      Total: 1
20:08:28:413 DEBUG 118224 --- [http-nio-8082-exec-3] c.h.cart.mapper.CartMapper.selectList    : ==>  Preparing: SELECT id,user_id,item_id,num,name,spec,price,image,create_time,update_time FROM cart WHERE (user_id = ?)
20:08:28:414 DEBUG 118224 --- [http-nio-8082-exec-3] c.h.cart.mapper.CartMapper.selectList    : ==> Parameters: 1(Long)
20:08:28:423 DEBUG 118224 --- [http-nio-8082-exec-3] c.h.cart.mapper.CartMapper.selectList    : <==      Total: 1
20:08:28:950 DEBUG 118224 --- [http-nio-8082-exec-4] c.h.cart.mapper.CartMapper.selectList    : ==>  Preparing: SELECT id,user_id,item_id,num,name,spec,price,image,create_time,update_time FROM cart WHERE (user_id = ?)
20:08:28:950 DEBUG 118224 --- [http-nio-8082-exec-4] c.h.cart.mapper.CartMapper.selectList    : ==> Parameters: 1(Long)
20:08:28:965 DEBUG 118224 --- [http-nio-8082-exec-4] c.h.cart.mapper.CartMapper.selectList    : <==      Total: 1
20:08:29:275 DEBUG 118224 --- [http-nio-8082-exec-5] c.h.cart.mapper.CartMapper.selectList    : ==>  Preparing: SELECT id,user_id,item_id,num,name,spec,price,image,create_time,update_time FROM cart WHERE (user_id = ?)
20:08:29:275 DEBUG 118224 --- [http-nio-8082-exec-5] c.h.cart.mapper.CartMapper.selectList    : ==> Parameters: 1(Long)
20:08:29:283 DEBUG 118224 --- [http-nio-8082-exec-5] c.h.cart.mapper.CartMapper.selectList    : <==      Total: 1
20:08:29:547 DEBUG 118224 --- [http-nio-8082-exec-10] c.h.cart.mapper.CartMapper.selectList    : ==>  Preparing: SELECT id,user_id,item_id,num,name,spec,price,image,create_time,update_time FROM cart WHERE (user_id = ?)
20:08:29:547 DEBUG 118224 --- [http-nio-8082-exec-10] c.h.cart.mapper.CartMapper.selectList    : ==> Parameters: 1(Long)
20:08:29:559 DEBUG 118224 --- [http-nio-8082-exec-10] c.h.cart.mapper.CartMapper.selectList    : <==      Total: 1
20:08:29:703 DEBUG 118224 --- [http-nio-8082-exec-7] c.h.cart.mapper.CartMapper.selectList    : ==>  Preparing: SELECT id,user_id,item_id,num,name,spec,price,image,create_time,update_time FROM cart WHERE (user_id = ?)
20:08:29:703 DEBUG 118224 --- [http-nio-8082-exec-7] c.h.cart.mapper.CartMapper.selectList    : ==> Parameters: 1(Long)
20:08:29:713 DEBUG 118224 --- [http-nio-8082-exec-7] c.h.cart.mapper.CartMapper.selectList    : <==      Total: 1
20:08:29:836 DEBUG 118224 --- [http-nio-8082-exec-8] c.h.cart.mapper.CartMapper.selectList    : ==>  Preparing: SELECT id,user_id,item_id,num,name,spec,price,image,create_time,update_time FROM cart WHERE (user_id = ?)
20:08:29:836 DEBUG 118224 --- [http-nio-8082-exec-8] c.h.cart.mapper.CartMapper.selectList    : ==> Parameters: 1(Long)
20:08:29:844 DEBUG 118224 --- [http-nio-8082-exec-8] c.h.cart.mapper.CartMapper.selectList    : <==      Total: 1
20:08:29:980 DEBUG 118224 --- [http-nio-8082-exec-9] c.h.cart.mapper.CartMapper.selectList    : ==>  Preparing: SELECT id,user_id,item_id,num,name,spec,price,image,create_time,update_time FROM cart WHERE (user_id = ?)
20:08:29:980 DEBUG 118224 --- [http-nio-8082-exec-9] c.h.cart.mapper.CartMapper.selectList    : ==> Parameters: 1(Long)
20:08:29:996 DEBUG 118224 --- [http-nio-8082-exec-9] c.h.cart.mapper.CartMapper.selectList    : <==      Total: 1
20:08:30:126 DEBUG 118224 --- [http-nio-8082-exec-6] c.h.cart.mapper.CartMapper.selectList    : ==>  Preparing: SELECT id,user_id,item_id,num,name,spec,price,image,create_time,update_time FROM cart WHERE (user_id = ?)
20:08:30:126 DEBUG 118224 --- [http-nio-8082-exec-6] c.h.cart.mapper.CartMapper.selectList    : ==> Parameters: 1(Long)
20:08:30:134 DEBUG 118224 --- [http-nio-8082-exec-6] c.h.cart.mapper.CartMapper.selectList    : <==      Total: 1
20:08:30:266 DEBUG 118224 --- [http-nio-8082-exec-1] c.h.cart.mapper.CartMapper.selectList    : ==>  Preparing: SELECT id,user_id,item_id,num,name,spec,price,image,create_time,update_time FROM cart WHERE (user_id = ?)
20:08:30:267 DEBUG 118224 --- [http-nio-8082-exec-1] c.h.cart.mapper.CartMapper.selectList    : ==> Parameters: 1(Long)
20:08:30:279 DEBUG 118224 --- [http-nio-8082-exec-1] c.h.cart.mapper.CartMapper.selectList    : <==      Total: 1
20:08:30:553 DEBUG 118224 --- [http-nio-8082-exec-2] c.h.cart.mapper.CartMapper.selectList    : ==>  Preparing: SELECT id,user_id,item_id,num,name,spec,price,image,create_time,update_time FROM cart WHERE (user_id = ?)
20:08:30:554 DEBUG 118224 --- [http-nio-8082-exec-2] c.h.cart.mapper.CartMapper.selectList    : ==> Parameters: 1(Long)
20:08:30:562 DEBUG 118224 --- [http-nio-8082-exec-2] c.h.cart.mapper.CartMapper.selectList    : <==      Total: 1
20:08:30:849 DEBUG 118224 --- [http-nio-8082-exec-3] c.h.cart.mapper.CartMapper.selectList    : ==>  Preparing: SELECT id,user_id,item_id,num,name,spec,price,image,create_time,update_time FROM cart WHERE (user_id = ?)
20:08:30:850 DEBUG 118224 --- [http-nio-8082-exec-3] c.h.cart.mapper.CartMapper.selectList    : ==> Parameters: 1(Long)
20:08:30:864 DEBUG 118224 --- [http-nio-8082-exec-3] c.h.cart.mapper.CartMapper.selectList    : <==      Total: 1
20:08:31:133 DEBUG 118224 --- [http-nio-8082-exec-4] c.h.cart.mapper.CartMapper.selectList    : ==>  Preparing: SELECT id,user_id,item_id,num,name,spec,price,image,create_time,update_time FROM cart WHERE (user_id = ?)
20:08:31:134 DEBUG 118224 --- [http-nio-8082-exec-4] c.h.cart.mapper.CartMapper.selectList    : ==> Parameters: 1(Long)
20:08:31:145 DEBUG 118224 --- [http-nio-8082-exec-4] c.h.cart.mapper.CartMapper.selectList    : <==      Total: 1
20:08:31:422 DEBUG 118224 --- [http-nio-8082-exec-5] c.h.cart.mapper.CartMapper.selectList    : ==>  Preparing: SELECT id,user_id,item_id,num,name,spec,price,image,create_time,update_time FROM cart WHERE (user_id = ?)
20:08:31:422 DEBUG 118224 --- [http-nio-8082-exec-5] c.h.cart.mapper.CartMapper.selectList    : ==> Parameters: 1(Long)
20:08:31:435 DEBUG 118224 --- [http-nio-8082-exec-5] c.h.cart.mapper.CartMapper.selectList    : <==      Total: 1
20:08:31:554 DEBUG 118224 --- [http-nio-8082-exec-10] c.h.cart.mapper.CartMapper.selectList    : ==>  Preparing: SELECT id,user_id,item_id,num,name,spec,price,image,create_time,update_time FROM cart WHERE (user_id = ?)
20:08:31:555 DEBUG 118224 --- [http-nio-8082-exec-10] c.h.cart.mapper.CartMapper.selectList    : ==> Parameters: 1(Long)
20:08:31:564 DEBUG 118224 --- [http-nio-8082-exec-10] c.h.cart.mapper.CartMapper.selectList    : <==      Total: 1
20:08:31:707 DEBUG 118224 --- [http-nio-8082-exec-7] c.h.cart.mapper.CartMapper.selectList    : ==>  Preparing: SELECT id,user_id,item_id,num,name,spec,price,image,create_time,update_time FROM cart WHERE (user_id = ?)
20:08:31:708 DEBUG 118224 --- [http-nio-8082-exec-7] c.h.cart.mapper.CartMapper.selectList    : ==> Parameters: 1(Long)
20:08:31:785 DEBUG 118224 --- [http-nio-8082-exec-7] c.h.cart.mapper.CartMapper.selectList    : <==      Total: 1
20:08:32:033 DEBUG 118224 --- [http-nio-8082-exec-8] c.h.cart.mapper.CartMapper.selectList    : ==>  Preparing: SELECT id,user_id,item_id,num,name,spec,price,image,create_time,update_time FROM cart WHERE (user_id = ?)
20:08:32:034 DEBUG 118224 --- [http-nio-8082-exec-8] c.h.cart.mapper.CartMapper.selectList    : ==> Parameters: 1(Long)
20:08:32:051 DEBUG 118224 --- [http-nio-8082-exec-8] c.h.cart.mapper.CartMapper.selectList    : <==      Total: 1
20:08:32:203 DEBUG 118224 --- [http-nio-8082-exec-9] c.h.cart.mapper.CartMapper.selectList    : ==>  Preparing: SELECT id,user_id,item_id,num,name,spec,price,image,create_time,update_time FROM cart WHERE (user_id = ?)
20:08:32:203 DEBUG 118224 --- [http-nio-8082-exec-9] c.h.cart.mapper.CartMapper.selectList    : ==> Parameters: 1(Long)
20:08:32:212 DEBUG 118224 --- [http-nio-8082-exec-9] c.h.cart.mapper.CartMapper.selectList    : <==      Total: 1
20:29:40:723  WARN 118224 --- [Thread-7] c.a.n.common.http.HttpClientBeanHolder   : [HttpClientBeanHolder] Start destroying common HttpClient
20:29:40:724  WARN 118224 --- [Thread-4] c.a.nacos.common.notify.NotifyCenter     : [NotifyCenter] Start destroying Publisher
20:29:40:724  WARN 118224 --- [Thread-4] c.a.nacos.common.notify.NotifyCenter     : [NotifyCenter] Destruction of the end
20:29:40:724  WARN 118224 --- [Thread-7] c.a.n.common.http.HttpClientBeanHolder   : [HttpClientBeanHolder] Destruction of the end
20:29:40:838  INFO 118224 --- [SpringApplicationShutdownHook] c.a.c.n.registry.NacosServiceRegistry    : De-registering from Nacos Server now...
20:29:40:854  INFO 118224 --- [SpringApplicationShutdownHook] c.a.c.n.registry.NacosServiceRegistry    : De-registration finished.
20:29:41:193  INFO 118224 --- [SpringApplicationShutdownHook] com.alibaba.nacos.common.remote.client   : Shutdown rpc client, set status to shutdown
20:29:41:193  INFO 118224 --- [SpringApplicationShutdownHook] com.alibaba.nacos.common.remote.client   : Shutdown client event executor java.util.concurrent.ScheduledThreadPoolExecutor@636a65d9[Running, pool size = 2, active threads = 2, queued tasks = 0, completed tasks = 0]
20:29:41:194  INFO 118224 --- [SpringApplicationShutdownHook] com.alibaba.nacos.common.remote.client   : Close current connection 1718194032052_10.21.232.224_2781
20:29:41:200  INFO 118224 --- [SpringApplicationShutdownHook] c.a.n.c.remote.client.grpc.GrpcClient    : Shutdown grpc executor java.util.concurrent.ThreadPoolExecutor@1efcb035[Running, pool size = 3, active threads = 0, queued tasks = 0, completed tasks = 294]
20:29:41:206  INFO 118224 --- [SpringApplicationShutdownHook] com.zaxxer.hikari.HikariDataSource       : HikariPool-1 - Shutdown initiated...
20:29:41:710  INFO 118224 --- [SpringApplicationShutdownHook] com.zaxxer.hikari.HikariDataSource       : HikariPool-1 - Shutdown completed.
20:30:09:964  INFO 113800 --- [main] com.hmall.cart.CartApplication           : Starting CartApplication using Java 18.0.1 on LAPTOP-FL8L2Q0T with PID 113800 (D:\Desktop\hmall\cart-service\target\classes started by 放电的皮卡丘 in D:\Desktop\hmall)
20:30:09:969 DEBUG 113800 --- [main] com.hmall.cart.CartApplication           : Running with Spring Boot v2.7.12, Spring v5.3.27
20:30:09:970  INFO 113800 --- [main] com.hmall.cart.CartApplication           : The following 1 profile is active: "local"
20:30:11:441  INFO 113800 --- [main] o.s.cloud.context.scope.GenericScope     : BeanFactory id=d80cdb66-51c1-3e85-9f05-6ffa1b0ab193
20:30:12:029  INFO 113800 --- [main] o.s.b.w.embedded.tomcat.TomcatWebServer  : Tomcat initialized with port(s): 8082 (http)
20:30:12:039  INFO 113800 --- [main] o.apache.catalina.core.StandardService   : Starting service [Tomcat]
20:30:12:039  INFO 113800 --- [main] org.apache.catalina.core.StandardEngine  : Starting Servlet engine: [Apache Tomcat/9.0.75]
20:30:12:589  INFO 113800 --- [main] o.a.c.c.C.[Tomcat].[localhost].[/]       : Initializing Spring embedded WebApplicationContext
20:30:12:589  INFO 113800 --- [main] w.s.c.ServletWebServerApplicationContext : Root WebApplicationContext: initialization completed in 2539 ms
20:30:12:784  INFO 113800 --- [main] o.s.c.openfeign.FeignClientFactoryBean   : For 'item-service' URL not provided. Will try picking an instance via load-balancing.
20:30:14:623  INFO 113800 --- [main] pertySourcedRequestMappingHandlerMapping : Mapped URL path [/v2/api-docs] onto method [springfox.documentation.swagger2.web.Swagger2ControllerWebMvc#getDocumentation(String, HttpServletRequest)]
20:30:15:585  INFO 113800 --- [main] com.alibaba.nacos.common.remote.client   : [RpcClientFactory] create a new rpc client of ee93f241-1118-475e-8a72-c98b0f785924
20:30:15:648  INFO 113800 --- [main] org.reflections.Reflections              : Reflections took 34 ms to scan 1 urls, producing 3 keys and 6 values 
20:30:15:673  INFO 113800 --- [main] org.reflections.Reflections              : Reflections took 11 ms to scan 1 urls, producing 4 keys and 9 values 
20:30:15:689  INFO 113800 --- [main] org.reflections.Reflections              : Reflections took 13 ms to scan 1 urls, producing 3 keys and 10 values 
20:30:15:691  WARN 113800 --- [main] org.reflections.Reflections              : given scan urls are empty. set urls in the configuration
20:30:15:699  INFO 113800 --- [main] org.reflections.Reflections              : Reflections took 8 ms to scan 1 urls, producing 1 keys and 5 values 
20:30:15:710  INFO 113800 --- [main] org.reflections.Reflections              : Reflections took 9 ms to scan 1 urls, producing 1 keys and 7 values 
20:30:15:724  INFO 113800 --- [main] org.reflections.Reflections              : Reflections took 11 ms to scan 1 urls, producing 2 keys and 8 values 
20:30:15:726  WARN 113800 --- [main] org.reflections.Reflections              : given scan urls are empty. set urls in the configuration
20:30:15:727  INFO 113800 --- [main] com.alibaba.nacos.common.remote.client   : [ee93f241-1118-475e-8a72-c98b0f785924] RpcClient init label, labels = {module=naming, source=sdk}
20:30:15:728  INFO 113800 --- [main] com.alibaba.nacos.common.remote.client   : [ee93f241-1118-475e-8a72-c98b0f785924] RpcClient init, ServerListFactory = com.alibaba.nacos.client.naming.core.ServerListManager
20:30:15:728  INFO 113800 --- [main] com.alibaba.nacos.common.remote.client   : [ee93f241-1118-475e-8a72-c98b0f785924] Registry connection listener to current client:com.alibaba.nacos.client.naming.remote.gprc.redo.NamingGrpcRedoService
20:30:15:729  INFO 113800 --- [main] com.alibaba.nacos.common.remote.client   : [ee93f241-1118-475e-8a72-c98b0f785924] Register server push request handler:com.alibaba.nacos.client.naming.remote.gprc.NamingPushRequestHandler
20:30:15:734  INFO 113800 --- [main] com.alibaba.nacos.common.remote.client   : [ee93f241-1118-475e-8a72-c98b0f785924] Try to connect to server on start up, server: {serverIp = 'nacos.lan.luoxianjun.com', server main port = 8848}
20:30:17:742  INFO 113800 --- [main] com.alibaba.nacos.common.remote.client   : [ee93f241-1118-475e-8a72-c98b0f785924] Success to connect to server [nacos.lan.luoxianjun.com:8848] on start up, connectionId = 1718195417544_10.21.232.224_5636
20:30:17:742  INFO 113800 --- [com.alibaba.nacos.client.remote.worker] com.alibaba.nacos.common.remote.client   : [ee93f241-1118-475e-8a72-c98b0f785924] Notify connected event to listeners.
20:30:17:742  INFO 113800 --- [main] com.alibaba.nacos.common.remote.client   : [ee93f241-1118-475e-8a72-c98b0f785924] Register server push request handler:com.alibaba.nacos.common.remote.client.RpcClient$ConnectResetRequestHandler
20:30:17:743  INFO 113800 --- [main] com.alibaba.nacos.common.remote.client   : [ee93f241-1118-475e-8a72-c98b0f785924] Register server push request handler:com.alibaba.nacos.common.remote.client.RpcClient$$Lambda$1018/0x00000008013aebc8
20:30:17:814  INFO 113800 --- [main] o.s.b.w.embedded.tomcat.TomcatWebServer  : Tomcat started on port(s): 8082 (http) with context path ''
20:30:17:837  INFO 113800 --- [main] c.a.c.n.registry.NacosServiceRegistry    : nacos registry, DEFAULT_GROUP cart-service 192.168.107.1:8082 register finished
20:30:18:313  INFO 113800 --- [nacos-grpc-client-executor-8] com.alibaba.nacos.common.remote.client   : [ee93f241-1118-475e-8a72-c98b0f785924] Receive server push request, request = NotifySubscriberRequest, requestId = 15
20:30:18:320  INFO 113800 --- [nacos-grpc-client-executor-8] com.alibaba.nacos.common.remote.client   : [ee93f241-1118-475e-8a72-c98b0f785924] Ack server push request, request = NotifySubscriberRequest, requestId = 15
20:30:18:614  INFO 113800 --- [main] d.s.w.p.DocumentationPluginsBootstrapper : Documentation plugins bootstrapped
20:30:18:618  INFO 113800 --- [main] d.s.w.p.DocumentationPluginsBootstrapper : Found 1 custom documentation plugin(s)
20:30:18:642  INFO 113800 --- [main] s.d.s.w.s.ApiListingReferenceScanner     : Scanning for api listing references
20:30:18:737  INFO 113800 --- [main] com.hmall.cart.CartApplication           : Started CartApplication in 10.476 seconds (JVM running for 13.26)
20:36:27:702  WARN 113800 --- [Thread-4] c.a.nacos.common.notify.NotifyCenter     : [NotifyCenter] Start destroying Publisher
20:36:27:702  WARN 113800 --- [Thread-7] c.a.n.common.http.HttpClientBeanHolder   : [HttpClientBeanHolder] Start destroying common HttpClient
20:36:27:703  WARN 113800 --- [Thread-4] c.a.nacos.common.notify.NotifyCenter     : [NotifyCenter] Destruction of the end
20:36:27:704  WARN 113800 --- [Thread-7] c.a.n.common.http.HttpClientBeanHolder   : [HttpClientBeanHolder] Destruction of the end
20:36:27:791  INFO 113800 --- [SpringApplicationShutdownHook] c.a.c.n.registry.NacosServiceRegistry    : De-registering from Nacos Server now...
20:36:27:815  INFO 113800 --- [SpringApplicationShutdownHook] c.a.c.n.registry.NacosServiceRegistry    : De-registration finished.
20:36:28:148  INFO 113800 --- [SpringApplicationShutdownHook] com.alibaba.nacos.common.remote.client   : Shutdown rpc client, set status to shutdown
20:36:28:148  INFO 113800 --- [SpringApplicationShutdownHook] com.alibaba.nacos.common.remote.client   : Shutdown client event executor java.util.concurrent.ScheduledThreadPoolExecutor@695107c0[Running, pool size = 2, active threads = 2, queued tasks = 0, completed tasks = 0]
20:36:28:149  INFO 113800 --- [SpringApplicationShutdownHook] com.alibaba.nacos.common.remote.client   : Close current connection 1718195417544_10.21.232.224_5636
20:36:28:154  INFO 113800 --- [SpringApplicationShutdownHook] c.a.n.c.remote.client.grpc.GrpcClient    : Shutdown grpc executor java.util.concurrent.ThreadPoolExecutor@eae3ad1[Running, pool size = 4, active threads = 0, queued tasks = 0, completed tasks = 92]
20:36:47:082  INFO 105824 --- [main] com.hmall.cart.CartApplication           : Starting CartApplication using Java 18.0.1 on LAPTOP-FL8L2Q0T with PID 105824 (D:\Desktop\hmall\cart-service\target\classes started by 放电的皮卡丘 in D:\Desktop\hmall)
20:36:47:086 DEBUG 105824 --- [main] com.hmall.cart.CartApplication           : Running with Spring Boot v2.7.12, Spring v5.3.27
20:36:47:087  INFO 105824 --- [main] com.hmall.cart.CartApplication           : The following 1 profile is active: "local"
20:36:48:481  INFO 105824 --- [main] o.s.cloud.context.scope.GenericScope     : BeanFactory id=d80cdb66-51c1-3e85-9f05-6ffa1b0ab193
20:36:49:034  INFO 105824 --- [main] o.s.b.w.embedded.tomcat.TomcatWebServer  : Tomcat initialized with port(s): 8082 (http)
20:36:49:043  INFO 105824 --- [main] o.apache.catalina.core.StandardService   : Starting service [Tomcat]
20:36:49:043  INFO 105824 --- [main] org.apache.catalina.core.StandardEngine  : Starting Servlet engine: [Apache Tomcat/9.0.75]
20:36:49:510  INFO 105824 --- [main] o.a.c.c.C.[Tomcat].[localhost].[/]       : Initializing Spring embedded WebApplicationContext
20:36:49:511  INFO 105824 --- [main] w.s.c.ServletWebServerApplicationContext : Root WebApplicationContext: initialization completed in 2365 ms
20:36:49:702  INFO 105824 --- [main] o.s.c.openfeign.FeignClientFactoryBean   : For 'item-service' URL not provided. Will try picking an instance via load-balancing.
20:36:51:683  INFO 105824 --- [main] pertySourcedRequestMappingHandlerMapping : Mapped URL path [/v2/api-docs] onto method [springfox.documentation.swagger2.web.Swagger2ControllerWebMvc#getDocumentation(String, HttpServletRequest)]
20:36:52:805  INFO 105824 --- [main] com.alibaba.nacos.common.remote.client   : [RpcClientFactory] create a new rpc client of 6872e602-85be-438f-9cde-46152f8c3fe9
20:36:52:870  INFO 105824 --- [main] org.reflections.Reflections              : Reflections took 31 ms to scan 1 urls, producing 3 keys and 6 values 
20:36:52:893  INFO 105824 --- [main] org.reflections.Reflections              : Reflections took 9 ms to scan 1 urls, producing 4 keys and 9 values 
20:36:52:910  INFO 105824 --- [main] org.reflections.Reflections              : Reflections took 15 ms to scan 1 urls, producing 3 keys and 10 values 
20:36:52:912  WARN 105824 --- [main] org.reflections.Reflections              : given scan urls are empty. set urls in the configuration
20:36:52:920  INFO 105824 --- [main] org.reflections.Reflections              : Reflections took 8 ms to scan 1 urls, producing 1 keys and 5 values 
20:36:52:931  INFO 105824 --- [main] org.reflections.Reflections              : Reflections took 9 ms to scan 1 urls, producing 1 keys and 7 values 
20:36:52:941  INFO 105824 --- [main] org.reflections.Reflections              : Reflections took 7 ms to scan 1 urls, producing 2 keys and 8 values 
20:36:52:943  WARN 105824 --- [main] org.reflections.Reflections              : given scan urls are empty. set urls in the configuration
20:36:52:943  INFO 105824 --- [main] com.alibaba.nacos.common.remote.client   : [6872e602-85be-438f-9cde-46152f8c3fe9] RpcClient init label, labels = {module=naming, source=sdk}
20:36:52:946  INFO 105824 --- [main] com.alibaba.nacos.common.remote.client   : [6872e602-85be-438f-9cde-46152f8c3fe9] RpcClient init, ServerListFactory = com.alibaba.nacos.client.naming.core.ServerListManager
20:36:52:946  INFO 105824 --- [main] com.alibaba.nacos.common.remote.client   : [6872e602-85be-438f-9cde-46152f8c3fe9] Registry connection listener to current client:com.alibaba.nacos.client.naming.remote.gprc.redo.NamingGrpcRedoService
20:36:52:948  INFO 105824 --- [main] com.alibaba.nacos.common.remote.client   : [6872e602-85be-438f-9cde-46152f8c3fe9] Register server push request handler:com.alibaba.nacos.client.naming.remote.gprc.NamingPushRequestHandler
20:36:52:952  INFO 105824 --- [main] com.alibaba.nacos.common.remote.client   : [6872e602-85be-438f-9cde-46152f8c3fe9] Try to connect to server on start up, server: {serverIp = 'nacos.lan.luoxianjun.com', server main port = 8848}
20:36:54:721  INFO 105824 --- [main] com.alibaba.nacos.common.remote.client   : [6872e602-85be-438f-9cde-46152f8c3fe9] Success to connect to server [nacos.lan.luoxianjun.com:8848] on start up, connectionId = 1718195814567_10.21.232.224_6494
20:36:54:722  INFO 105824 --- [com.alibaba.nacos.client.remote.worker] com.alibaba.nacos.common.remote.client   : [6872e602-85be-438f-9cde-46152f8c3fe9] Notify connected event to listeners.
20:36:54:722  INFO 105824 --- [main] com.alibaba.nacos.common.remote.client   : [6872e602-85be-438f-9cde-46152f8c3fe9] Register server push request handler:com.alibaba.nacos.common.remote.client.RpcClient$ConnectResetRequestHandler
20:36:54:722  INFO 105824 --- [main] com.alibaba.nacos.common.remote.client   : [6872e602-85be-438f-9cde-46152f8c3fe9] Register server push request handler:com.alibaba.nacos.common.remote.client.RpcClient$$Lambda$1018/0x00000008013cd0a8
20:36:54:812  INFO 105824 --- [main] o.s.b.w.embedded.tomcat.TomcatWebServer  : Tomcat started on port(s): 8082 (http) with context path ''
20:36:54:855  INFO 105824 --- [main] c.a.c.n.registry.NacosServiceRegistry    : nacos registry, DEFAULT_GROUP cart-service 192.168.107.1:8082 register finished
20:36:55:341  INFO 105824 --- [nacos-grpc-client-executor-8] com.alibaba.nacos.common.remote.client   : [6872e602-85be-438f-9cde-46152f8c3fe9] Receive server push request, request = NotifySubscriberRequest, requestId = 17
20:36:55:349  INFO 105824 --- [nacos-grpc-client-executor-8] com.alibaba.nacos.common.remote.client   : [6872e602-85be-438f-9cde-46152f8c3fe9] Ack server push request, request = NotifySubscriberRequest, requestId = 17
20:36:55:520  INFO 105824 --- [main] d.s.w.p.DocumentationPluginsBootstrapper : Documentation plugins bootstrapped
20:36:55:523  INFO 105824 --- [main] d.s.w.p.DocumentationPluginsBootstrapper : Found 1 custom documentation plugin(s)
20:36:55:553  INFO 105824 --- [main] s.d.s.w.s.ApiListingReferenceScanner     : Scanning for api listing references
20:36:55:650  INFO 105824 --- [main] com.hmall.cart.CartApplication           : Started CartApplication in 9.945 seconds (JVM running for 11.912)
